Analysis & Synthesis report for jogo_da_senha
Wed Apr 06 18:51:00 2022
Quartus Prime Version 16.1.0 Build 196 10/24/2016 SJ Lite Edition


---------------------
; Table of Contents ;
---------------------
  1. Legal Notice
  2. Analysis & Synthesis Summary
  3. Analysis & Synthesis Settings
  4. Parallel Compilation
  5. Analysis & Synthesis Messages



----------------
; Legal Notice ;
----------------
Copyright (C) 2016  Intel Corporation. All rights reserved.
Your use of Intel Corporation's design tools, logic functions 
and other software and tools, and its AMPP partner logic 
functions, and any output files from any of the foregoing 
(including device programming or simulation files), and any 
associated documentation or information are expressly subject 
to the terms and conditions of the Intel Program License 
Subscription Agreement, the Intel Quartus Prime License Agreement,
the Intel MegaCore Function License Agreement, or other 
applicable license agreement, including, without limitation, 
that your use is for the sole purpose of programming logic 
devices manufactured by Intel and sold by Intel or its 
authorized distributors.  Please refer to the applicable 
agreement for further details.



+---------------------------------------------------------------------------+
; Analysis & Synthesis Summary                                              ;
+-----------------------------+---------------------------------------------+
; Analysis & Synthesis Status ; Failed - Wed Apr 06 18:51:00 2022           ;
; Quartus Prime Version       ; 16.1.0 Build 196 10/24/2016 SJ Lite Edition ;
; Revision Name               ; jogo_da_senha                               ;
; Top-level Entity Name       ; jogo_da_senha                               ;
; Family                      ; Cyclone V                                   ;
; Logic utilization (in ALMs) ; N/A until Partition Merge                   ;
; Total registers             ; N/A until Partition Merge                   ;
; Total pins                  ; N/A until Partition Merge                   ;
; Total virtual pins          ; N/A until Partition Merge                   ;
; Total block memory bits     ; N/A until Partition Merge                   ;
; Total PLLs                  ; N/A until Partition Merge                   ;
; Total DLLs                  ; N/A until Partition Merge                   ;
+-----------------------------+---------------------------------------------+


+---------------------------------------------------------------------------------------------------------------------------+
; Analysis & Synthesis Settings                                                                                             ;
+---------------------------------------------------------------------------------+--------------------+--------------------+
; Option                                                                          ; Setting            ; Default Value      ;
+---------------------------------------------------------------------------------+--------------------+--------------------+
; Device                                                                          ; 5CEBA4F23C7        ;                    ;
; Top-level entity name                                                           ; jogo_da_senha      ; jogo_da_senha      ;
; Family name                                                                     ; Cyclone V          ; Cyclone V          ;
; Use smart compilation                                                           ; Off                ; Off                ;
; Enable parallel Assembler and TimeQuest Timing Analyzer during compilation      ; On                 ; On                 ;
; Enable compact report table                                                     ; Off                ; Off                ;
; Restructure Multiplexers                                                        ; Auto               ; Auto               ;
; MLAB Add Timing Constraints For Mixed-Port Feed-Through Mode Setting Don't Care ; Off                ; Off                ;
; Create Debugging Nodes for IP Cores                                             ; Off                ; Off                ;
; Preserve fewer node names                                                       ; On                 ; On                 ;
; OpenCore Plus hardware evaluation                                               ; Enable             ; Enable             ;
; Verilog Version                                                                 ; Verilog_2001       ; Verilog_2001       ;
; VHDL Version                                                                    ; VHDL_1993          ; VHDL_1993          ;
; State Machine Processing                                                        ; Auto               ; Auto               ;
; Safe State Machine                                                              ; Off                ; Off                ;
; Extract Verilog State Machines                                                  ; On                 ; On                 ;
; Extract VHDL State Machines                                                     ; On                 ; On                 ;
; Ignore Verilog initial constructs                                               ; Off                ; Off                ;
; Iteration limit for constant Verilog loops                                      ; 5000               ; 5000               ;
; Iteration limit for non-constant Verilog loops                                  ; 250                ; 250                ;
; Add Pass-Through Logic to Inferred RAMs                                         ; On                 ; On                 ;
; Infer RAMs from Raw Logic                                                       ; On                 ; On                 ;
; Parallel Synthesis                                                              ; On                 ; On                 ;
; DSP Block Balancing                                                             ; Auto               ; Auto               ;
; NOT Gate Push-Back                                                              ; On                 ; On                 ;
; Power-Up Don't Care                                                             ; On                 ; On                 ;
; Remove Redundant Logic Cells                                                    ; Off                ; Off                ;
; Remove Duplicate Registers                                                      ; On                 ; On                 ;
; Ignore CARRY Buffers                                                            ; Off                ; Off                ;
; Ignore CASCADE Buffers                                                          ; Off                ; Off                ;
; Ignore GLOBAL Buffers                                                           ; Off                ; Off                ;
; Ignore ROW GLOBAL Buffers                                                       ; Off                ; Off                ;
; Ignore LCELL Buffers                                                            ; Off                ; Off                ;
; Ignore SOFT Buffers                                                             ; On                 ; On                 ;
; Limit AHDL Integers to 32 Bits                                                  ; Off                ; Off                ;
; Optimization Technique                                                          ; Balanced           ; Balanced           ;
; Carry Chain Length                                                              ; 70                 ; 70                 ;
; Auto Carry Chains                                                               ; On                 ; On                 ;
; Auto Open-Drain Pins                                                            ; On                 ; On                 ;
; Perform WYSIWYG Primitive Resynthesis                                           ; Off                ; Off                ;
; Auto ROM Replacement                                                            ; On                 ; On                 ;
; Auto RAM Replacement                                                            ; On                 ; On                 ;
; Auto DSP Block Replacement                                                      ; On                 ; On                 ;
; Auto Shift Register Replacement                                                 ; Auto               ; Auto               ;
; Allow Shift Register Merging across Hierarchies                                 ; Auto               ; Auto               ;
; Auto Clock Enable Replacement                                                   ; On                 ; On                 ;
; Strict RAM Replacement                                                          ; Off                ; Off                ;
; Allow Synchronous Control Signals                                               ; On                 ; On                 ;
; Force Use of Synchronous Clear Signals                                          ; Off                ; Off                ;
; Auto Resource Sharing                                                           ; Off                ; Off                ;
; Allow Any RAM Size For Recognition                                              ; Off                ; Off                ;
; Allow Any ROM Size For Recognition                                              ; Off                ; Off                ;
; Allow Any Shift Register Size For Recognition                                   ; Off                ; Off                ;
; Use LogicLock Constraints during Resource Balancing                             ; On                 ; On                 ;
; Ignore translate_off and synthesis_off directives                               ; Off                ; Off                ;
; Timing-Driven Synthesis                                                         ; On                 ; On                 ;
; Report Parameter Settings                                                       ; On                 ; On                 ;
; Report Source Assignments                                                       ; On                 ; On                 ;
; Report Connectivity Checks                                                      ; On                 ; On                 ;
; Ignore Maximum Fan-Out Assignments                                              ; Off                ; Off                ;
; Synchronization Register Chain Length                                           ; 3                  ; 3                  ;
; PowerPlay Power Optimization During Synthesis                                   ; Normal compilation ; Normal compilation ;
; HDL message level                                                               ; Level2             ; Level2             ;
; Suppress Register Optimization Related Messages                                 ; Off                ; Off                ;
; Number of Removed Registers Reported in Synthesis Report                        ; 5000               ; 5000               ;
; Number of Swept Nodes Reported in Synthesis Report                              ; 5000               ; 5000               ;
; Number of Inverted Registers Reported in Synthesis Report                       ; 100                ; 100                ;
; Clock MUX Protection                                                            ; On                 ; On                 ;
; Auto Gated Clock Conversion                                                     ; Off                ; Off                ;
; Block Design Naming                                                             ; Auto               ; Auto               ;
; SDC constraint protection                                                       ; Off                ; Off                ;
; Synthesis Effort                                                                ; Auto               ; Auto               ;
; Shift Register Replacement - Allow Asynchronous Clear Signal                    ; On                 ; On                 ;
; Pre-Mapping Resynthesis Optimization                                            ; Off                ; Off                ;
; Analysis & Synthesis Message Level                                              ; Medium             ; Medium             ;
; Disable Register Merging Across Hierarchies                                     ; Auto               ; Auto               ;
; Resource Aware Inference For Block RAM                                          ; On                 ; On                 ;
; Automatic Parallel Synthesis                                                    ; On                 ; On                 ;
; Partial Reconfiguration Bitstream ID                                            ; Off                ; Off                ;
+---------------------------------------------------------------------------------+--------------------+--------------------+


+------------------------------------------+
; Parallel Compilation                     ;
+----------------------------+-------------+
; Processors                 ; Number      ;
+----------------------------+-------------+
; Number detected on machine ; 4           ;
; Maximum allowed            ; 4           ;
;                            ;             ;
; Average used               ; 1.00        ;
; Maximum used               ; 1           ;
;                            ;             ;
; Usage by Processor         ; % Time Used ;
;     Processor 1            ; 100.0%      ;
+----------------------------+-------------+


+-------------------------------+
; Analysis & Synthesis Messages ;
+-------------------------------+
Info: *******************************************************************
Info: Running Quartus Prime Analysis & Synthesis
    Info: Version 16.1.0 Build 196 10/24/2016 SJ Lite Edition
    Info: Processing started: Wed Apr 06 18:50:44 2022
Info: Command: quartus_map --read_settings_files=on --write_settings_files=off jogo_da_senha -c jogo_da_senha
Warning (18236): Number of processors has not been specified which may cause overloading on shared machines.  Set the global assignment NUM_PARALLEL_PROCESSORS in your QSF to an appropriate value for best performance.
Info (20030): Parallel compilation is enabled and will use 4 of the 4 processors detected
Info (12021): Found 2 design units, including 1 entities, in source file testbench/testbench.vhd
    Info (12022): Found design unit 1: testbench-tb File: C:/Users/Jonas/Documents/lab-digi/testbench/testbench.vhd Line: 26
    Info (12023): Found entity 1: testbench File: C:/Users/Jonas/Documents/lab-digi/testbench/testbench.vhd Line: 23
Info (12021): Found 2 design units, including 1 entities, in source file uc.vhd
    Info (12022): Found design unit 1: unidade_controle-fsm File: C:/Users/Jonas/Documents/lab-digi/uc.vhd Line: 26
    Info (12023): Found entity 1: unidade_controle File: C:/Users/Jonas/Documents/lab-digi/uc.vhd Line: 4
Info (12021): Found 2 design units, including 1 entities, in source file registrador_25.vhd
    Info (12022): Found design unit 1: registrador_25-comportamental File: C:/Users/Jonas/Documents/lab-digi/registrador_25.vhd Line: 28
    Info (12023): Found entity 1: registrador_25 File: C:/Users/Jonas/Documents/lab-digi/registrador_25.vhd Line: 17
Info (12021): Found 2 design units, including 1 entities, in source file ram_16x25.vhd
    Info (12022): Found design unit 1: ram_25x16-ram_mif File: C:/Users/Jonas/Documents/lab-digi/ram_16x25.vhd Line: 38
    Info (12023): Found entity 1: ram_25x16 File: C:/Users/Jonas/Documents/lab-digi/ram_16x25.vhd Line: 27
Info (12021): Found 2 design units, including 1 entities, in source file hexa7seg.vhd
    Info (12022): Found design unit 1: hexa7seg-comportamental File: C:/Users/Jonas/Documents/lab-digi/hexa7seg.vhd Line: 11
    Info (12023): Found entity 1: hexa7seg File: C:/Users/Jonas/Documents/lab-digi/hexa7seg.vhd Line: 4
Info (12021): Found 2 design units, including 1 entities, in source file fd.vhd
    Info (12022): Found design unit 1: fluxo_dados-estrutural File: C:/Users/Jonas/Documents/lab-digi/fd.vhd Line: 27
    Info (12023): Found entity 1: fluxo_dados File: C:/Users/Jonas/Documents/lab-digi/fd.vhd Line: 6
Info (12021): Found 2 design units, including 1 entities, in source file estado7seg.vhd
    Info (12022): Found design unit 1: estado7seg-comportamental File: C:/Users/Jonas/Documents/lab-digi/estado7seg.vhd Line: 31
    Info (12023): Found entity 1: estado7seg File: C:/Users/Jonas/Documents/lab-digi/estado7seg.vhd Line: 24
Info (12021): Found 2 design units, including 1 entities, in source file contador_m_tb.vhd
    Info (12022): Found design unit 1: contador_m_tb-tb File: C:/Users/Jonas/Documents/lab-digi/contador_m_tb.vhd Line: 26
    Info (12023): Found entity 1: contador_m_tb File: C:/Users/Jonas/Documents/lab-digi/contador_m_tb.vhd Line: 23
Info (12021): Found 2 design units, including 1 entities, in source file contador_m.vhd
    Info (12022): Found design unit 1: contador_m-comportamental File: C:/Users/Jonas/Documents/lab-digi/contador_m.vhd Line: 47
    Info (12023): Found entity 1: contador_m File: C:/Users/Jonas/Documents/lab-digi/contador_m.vhd Line: 32
Info (12021): Found 2 design units, including 1 entities, in source file contador_163.vhd
    Info (12022): Found design unit 1: contador_163-comportamental File: C:/Users/Jonas/Documents/lab-digi/contador_163.vhd Line: 31
    Info (12023): Found entity 1: contador_163 File: C:/Users/Jonas/Documents/lab-digi/contador_163.vhd Line: 18
Info (12021): Found 2 design units, including 1 entities, in source file contador_6.vhd
    Info (12022): Found design unit 1: contador_6-comportamental File: C:/Users/Jonas/Documents/lab-digi/contador_6.vhd Line: 18
    Info (12023): Found entity 1: contador_6 File: C:/Users/Jonas/Documents/lab-digi/contador_6.vhd Line: 5
Info (12021): Found 2 design units, including 1 entities, in source file comparador_igualdade.vhd
    Info (12022): Found design unit 1: comparador_igualdade-dataflow File: C:/Users/Jonas/Documents/lab-digi/comparador_igualdade.vhd Line: 25
    Info (12023): Found entity 1: comparador_igualdade File: C:/Users/Jonas/Documents/lab-digi/comparador_igualdade.vhd Line: 17
Info (12021): Found 2 design units, including 1 entities, in source file circuito_projeto.vhd
    Info (12022): Found design unit 1: circuito_projeto-arch File: C:/Users/Jonas/Documents/lab-digi/circuito_projeto.vhd Line: 22
    Info (12023): Found entity 1: circuito_projeto File: C:/Users/Jonas/Documents/lab-digi/circuito_projeto.vhd Line: 4
Info (12021): Found 2 design units, including 1 entities, in source file alfabeto7seg.vhd
    Info (12022): Found design unit 1: alfabeto7seg-comportamental File: C:/Users/Jonas/Documents/lab-digi/alfabeto7seg.vhd Line: 30
    Info (12023): Found entity 1: alfabeto7seg File: C:/Users/Jonas/Documents/lab-digi/alfabeto7seg.vhd Line: 23
Error (12007): Top-level design entity "jogo_da_senha" is undefined
Error: Quartus Prime Analysis & Synthesis was unsuccessful. 1 error, 1 warning
    Error: Peak virtual memory: 4836 megabytes
    Error: Processing ended: Wed Apr 06 18:51:00 2022
    Error: Elapsed time: 00:00:16
    Error: Total CPU time (on all processors): 00:00:30


